d:\work\program\killers of three kingdoms\killersofthreekingdoms\killersofthreekingdoms\debug\vc140.pdb
d:\work\program\killers of three kingdoms\killersofthreekingdoms\killersofthreekingdoms\debug\vc140.idb
d:\work\program\killers of three kingdoms\killersofthreekingdoms\killersofthreekingdoms\debug\main.obj
d:\work\program\killers of three kingdoms\killersofthreekingdoms\killersofthreekingdoms\debug\common.obj
d:\work\program\killers of three kingdoms\killersofthreekingdoms\killersofthreekingdoms\debug\cardsmanagement.obj
d:\work\program\killers of three kingdoms\killersofthreekingdoms\debug\killersofthreekingdoms.ilk
d:\work\program\killers of three kingdoms\killersofthreekingdoms\debug\killersofthreekingdoms.exe
d:\work\program\killers of three kingdoms\killersofthreekingdoms\debug\killersofthreekingdoms.pdb
d:\work\program\killers of three kingdoms\killersofthreekingdoms\killersofthreekingdoms\debug\killerso.b4c713b5.tlog\cl.command.1.tlog
d:\work\program\killers of three kingdoms\killersofthreekingdoms\killersofthreekingdoms\debug\killerso.b4c713b5.tlog\cl.read.1.tlog
d:\work\program\killers of three kingdoms\killersofthreekingdoms\killersofthreekingdoms\debug\killerso.b4c713b5.tlog\cl.write.1.tlog
d:\work\program\killers of three kingdoms\killersofthreekingdoms\killersofthreekingdoms\debug\killerso.b4c713b5.tlog\link-cvtres.read.1.tlog
d:\work\program\killers of three kingdoms\killersofthreekingdoms\killersofthreekingdoms\debug\killerso.b4c713b5.tlog\link-cvtres.write.1.tlog
d:\work\program\killers of three kingdoms\killersofthreekingdoms\killersofthreekingdoms\debug\killerso.b4c713b5.tlog\link-rc.read.1.tlog
d:\work\program\killers of three kingdoms\killersofthreekingdoms\killersofthreekingdoms\debug\killerso.b4c713b5.tlog\link-rc.write.1.tlog
d:\work\program\killers of three kingdoms\killersofthreekingdoms\killersofthreekingdoms\debug\killerso.b4c713b5.tlog\link.10148-cvtres.read.1.tlog
d:\work\program\killers of three kingdoms\killersofthreekingdoms\killersofthreekingdoms\debug\killerso.b4c713b5.tlog\link.10148-cvtres.write.1.tlog
d:\work\program\killers of three kingdoms\killersofthreekingdoms\killersofthreekingdoms\debug\killerso.b4c713b5.tlog\link.10148-rc.read.1.tlog
d:\work\program\killers of three kingdoms\killersofthreekingdoms\killersofthreekingdoms\debug\killerso.b4c713b5.tlog\link.10148-rc.write.1.tlog
d:\work\program\killers of three kingdoms\killersofthreekingdoms\killersofthreekingdoms\debug\killerso.b4c713b5.tlog\link.10148.read.1.tlog
d:\work\program\killers of three kingdoms\killersofthreekingdoms\killersofthreekingdoms\debug\killerso.b4c713b5.tlog\link.10148.write.1.tlog
d:\work\program\killers of three kingdoms\killersofthreekingdoms\killersofthreekingdoms\debug\killerso.b4c713b5.tlog\link.command.1.tlog
d:\work\program\killers of three kingdoms\killersofthreekingdoms\killersofthreekingdoms\debug\killerso.b4c713b5.tlog\link.read.1.tlog
d:\work\program\killers of three kingdoms\killersofthreekingdoms\killersofthreekingdoms\debug\killerso.b4c713b5.tlog\link.write.1.tlog
